# JRE version: Java(TM) SE Runtime Environment (8.0_11-b12) (build 1.8.0_11-b12)
# Java VM: Java HotSpot(TM) 64-Bit Server VM (25.11-b03 mixed mode windows-amd64 compressed oops)
Heap:
 PSYoungGen      total 87040K, used 56838K [0x00000000eab00000, 0x00000000f2c80000, 0x0000000100000000)
  eden space 74240K, 61% used [0x00000000eab00000,0x00000000ed77cc98,0x00000000ef380000)
  from space 12800K, 88% used [0x00000000ef380000,0x00000000efe84e40,0x00000000f0000000)
  to   space 14336K, 0% used [0x00000000f1e80000,0x00000000f1e80000,0x00000000f2c80000)
 ParOldGen       total 129536K, used 45413K [0x00000000c0000000, 0x00000000c7e80000, 0x00000000eab00000)
  object space 129536K, 35% used [0x00000000c0000000,0x00000000c2c59730,0x00000000c7e80000)
 Metaspace       used 5816K, capacity 7024K, committed 7296K, reserved 1056768K
  class space    used 576K, capacity 616K, committed 640K, reserved 1048576K
GC Heap History (10 events):
Event: 11.657 GC heap before
{Heap before GC invocations=15 (full 0):
 PSYoungGen      total 38912K, used 37248K [0x00000000eab00000, 0x00000000ed600000, 0x0000000100000000)
  eden space 33792K, 100% used [0x00000000eab00000,0x00000000ecc00000,0x00000000ecc00000)
  from space 5120K, 67% used [0x00000000ed100000,0x00000000ed460000,0x00000000ed600000)
  to   space 5120K, 0% used [0x00000000ecc00000,0x00000000ecc00000,0x00000000ed100000)
 ParOldGen       total 129536K, used 13673K [0x00000000c0000000, 0x00000000c7e80000, 0x00000000eab00000)
  object space 129536K, 10% used [0x00000000c0000000,0x00000000c0d5a450,0x00000000c7e80000)
 Metaspace       used 5669K, capacity 6960K, committed 7040K, reserved 1056768K
  class space    used 556K, capacity 616K, committed 640K, reserved 1048576K
Event: 11.678 GC heap after
Heap after GC invocations=15 (full 0):
 PSYoungGen      total 38912K, used 5088K [0x00000000eab00000, 0x00000000eef00000, 0x0000000100000000)
  eden space 33792K, 0% used [0x00000000eab00000,0x00000000eab00000,0x00000000ecc00000)
  from space 5120K, 99% used [0x00000000ecc00000,0x00000000ed0f8010,0x00000000ed100000)
  to   space 7680K, 0% used [0x00000000ee780000,0x00000000ee780000,0x00000000eef00000)
 ParOldGen       total 129536K, used 17455K [0x00000000c0000000, 0x00000000c7e80000, 0x00000000eab00000)
  object space 129536K, 13% used [0x00000000c0000000,0x00000000c110bf50,0x00000000c7e80000)
 Metaspace       used 5669K, capacity 6960K, committed 7040K, reserved 1056768K
  class space    used 556K, capacity 616K, committed 640K, reserved 1048576K
}
Event: 11.890 GC heap before
{Heap before GC invocations=16 (full 0):
 PSYoungGen      total 38912K, used 38880K [0x00000000eab00000, 0x00000000eef00000, 0x0000000100000000)
  eden space 33792K, 100% used [0x00000000eab00000,0x00000000ecc00000,0x00000000ecc00000)
  from space 5120K, 99% used [0x00000000ecc00000,0x00000000ed0f8010,0x00000000ed100000)
  to   space 7680K, 0% used [0x00000000ee780000,0x00000000ee780000,0x00000000eef00000)
 ParOldGen       total 129536K, used 17455K [0x00000000c0000000, 0x00000000c7e80000, 0x00000000eab00000)
  object space 129536K, 13% used [0x00000000c0000000,0x00000000c110bf50,0x00000000c7e80000)
 Metaspace       used 5686K, capacity 6960K, committed 7040K, reserved 1056768K
  class space    used 556K, capacity 616K, committed 640K, reserved 1048576K
Event: 11.908 GC heap after
Heap after GC invocations=16 (full 0):
 PSYoungGen      total 61440K, used 5427K [0x00000000eab00000, 0x00000000ef000000, 0x0000000100000000)
  eden space 53760K, 0% used [0x00000000eab00000,0x00000000eab00000,0x00000000edf80000)
  from space 7680K, 70% used [0x00000000ee780000,0x00000000eeccced8,0x00000000eef00000)
  to   space 8192K, 0% used [0x00000000edf80000,0x00000000edf80000,0x00000000ee780000)
 ParOldGen       total 129536K, used 22569K [0x00000000c0000000, 0x00000000c7e80000, 0x00000000eab00000)
  object space 129536K, 17% used [0x00000000c0000000,0x00000000c160a4b8,0x00000000c7e80000)
 Metaspace       used 5686K, capacity 6960K, committed 7040K, reserved 1056768K
  class space    used 556K, capacity 616K, committed 640K, reserved 1048576K
}
Event: 12.223 GC heap before
{Heap before GC invocations=17 (full 0):
 PSYoungGen      total 61440K, used 59187K [0x00000000eab00000, 0x00000000ef000000, 0x0000000100000000)
  eden space 53760K, 100% used [0x00000000eab00000,0x00000000edf80000,0x00000000edf80000)
  from space 7680K, 70% used [0x00000000ee780000,0x00000000eeccced8,0x00000000eef00000)
  to   space 8192K, 0% used [0x00000000edf80000,0x00000000edf80000,0x00000000ee780000)
 ParOldGen       total 129536K, used 22569K [0x00000000c0000000, 0x00000000c7e80000, 0x00000000eab00000)
  object space 129536K, 17% used [0x00000000c0000000,0x00000000c160a4b8,0x00000000c7e80000)
 Metaspace       used 5695K, capacity 6960K, committed 7040K, reserved 1056768K
  class space    used 557K, capacity 616K, committed 640K, reserved 1048576K
Event: 12.261 GC heap after
Heap after GC invocations=17 (full 0):
 PSYoungGen      total 61952K, used 8180K [0x00000000eab00000, 0x00000000f0b80000, 0x0000000100000000)
  eden space 53760K, 0% used [0x00000000eab00000,0x00000000eab00000,0x00000000edf80000)
  from space 8192K, 99% used [0x00000000edf80000,0x00000000ee77d330,0x00000000ee780000)
  to   space 11776K, 0% used [0x00000000f0000000,0x00000000f0000000,0x00000000f0b80000)
 ParOldGen       total 129536K, used 28826K [0x00000000c0000000, 0x00000000c7e80000, 0x00000000eab00000)
  object space 129536K, 22% used [0x00000000c0000000,0x00000000c1c26a88,0x00000000c7e80000)
 Metaspace       used 5695K, capacity 6960K, committed 7040K, reserved 1056768K
  class space    used 557K, capacity 616K, committed 640K, reserved 1048576K
}
Event: 12.533 GC heap before
{Heap before GC invocations=18 (full 0):
 PSYoungGen      total 61952K, used 61940K [0x00000000eab00000, 0x00000000f0b80000, 0x0000000100000000)
  eden space 53760K, 100% used [0x00000000eab00000,0x00000000edf80000,0x00000000edf80000)
  from space 8192K, 99% used [0x00000000edf80000,0x00000000ee77d330,0x00000000ee780000)
  to   space 11776K, 0% used [0x00000000f0000000,0x00000000f0000000,0x00000000f0b80000)
 ParOldGen       total 129536K, used 28826K [0x00000000c0000000, 0x00000000c7e80000, 0x00000000eab00000)
  object space 129536K, 22% used [0x00000000c0000000,0x00000000c1c26a88,0x00000000c7e80000)
 Metaspace       used 5713K, capacity 6960K, committed 7040K, reserved 1056768K
  class space    used 557K, capacity 616K, committed 640K, reserved 1048576K
Event: 12.571 GC heap after
Heap after GC invocations=18 (full 0):
 PSYoungGen      total 86016K, used 9051K [0x00000000eab00000, 0x00000000f0d80000, 0x0000000100000000)
  eden space 74240K, 0% used [0x00000000eab00000,0x00000000eab00000,0x00000000ef380000)
  from space 11776K, 76% used [0x00000000f0000000,0x00000000f08d6d98,0x00000000f0b80000)
  to   space 12800K, 0% used [0x00000000ef380000,0x00000000ef380000,0x00000000f0000000)
 ParOldGen       total 129536K, used 37006K [0x00000000c0000000, 0x00000000c7e80000, 0x00000000eab00000)
  object space 129536K, 28% used [0x00000000c0000000,0x00000000c2423ac8,0x00000000c7e80000)
 Metaspace       used 5713K, capacity 6960K, committed 7040K, reserved 1056768K
  class space    used 557K, capacity 616K, committed 640K, reserved 1048576K
}
Event: 13.001 GC heap before
{Heap before GC invocations=19 (full 0):
 PSYoungGen      total 86016K, used 83291K [0x00000000eab00000, 0x00000000f0d80000, 0x0000000100000000)
  eden space 74240K, 100% used [0x00000000eab00000,0x00000000ef380000,0x00000000ef380000)
  from space 11776K, 76% used [0x00000000f0000000,0x00000000f08d6d98,0x00000000f0b80000)
  to   space 12800K, 0% used [0x00000000ef380000,0x00000000ef380000,0x00000000f0000000)
 ParOldGen       total 129536K, used 37006K [0x00000000c0000000, 0x00000000c7e80000, 0x00000000eab00000)
  object space 129536K, 28% used [0x00000000c0000000,0x00000000c2423ac8,0x00000000c7e80000)
 Metaspace       used 5812K, capacity 7024K, committed 7296K, reserved 1056768K
  class space    used 576K, capacity 616K, committed 640K, reserved 1048576K
Event: 13.056 GC heap after
Heap after GC invocations=19 (full 0):
 PSYoungGen      total 87040K, used 11283K [0x00000000eab00000, 0x00000000f2c80000, 0x0000000100000000)
  eden space 74240K, 0% used [0x00000000eab00000,0x00000000eab00000,0x00000000ef380000)
  from space 12800K, 88% used [0x00000000ef380000,0x00000000efe84e40,0x00000000f0000000)
  to   space 14336K, 0% used [0x00000000f1e80000,0x00000000f1e80000,0x00000000f2c80000)
 ParOldGen       total 129536K, used 45413K [0x00000000c0000000, 0x00000000c7e80000, 0x00000000eab00000)
  object space 129536K, 35% used [0x00000000c0000000,0x00000000c2c59730,0x00000000c7e80000)
 Metaspace       used 5812K, capacity 7024K, committed 7296K, reserved 1056768K
  class space    used 576K, capacity 616K, committed 640K, reserved 1048576K
}

